[0m07:04:01.573929 [debug] [MainThread]: Sending event: {'category': 'dbt', 'action': 'invocation', 'label': 'start', 'context': [<snowplow_tracker.self_describing_json.SelfDescribingJson object at 0x772059aabcb0>, <snowplow_tracker.self_describing_json.SelfDescribingJson object at 0x77205b61c050>, <snowplow_tracker.self_describing_json.SelfDescribingJson object at 0x7720589c79d0>]}


============================== 07:04:01.590190 | 08efe481-74bf-4a5b-9ccc-9ccb5794abcf ==============================
[0m07:04:01.590190 [info ] [MainThread]: Running with dbt=1.11.7
[0m07:04:01.591170 [debug] [MainThread]: running dbt with arguments {'log_format': 'default', 'log_path': 'logs', 'target_path': 'None', 'cache_selected_only': 'False', 'use_colors': 'True', 'send_anonymous_usage_stats': 'True', 'fail_fast': 'False', 'invocation_command': 'dbt init --skip-profile-setup airbnb', 'indirect_selection': 'eager', 'debug': 'False', 'use_experimental_parser': 'False', 'empty': 'None', 'warn_error': 'None', 'warn_error_options': 'WarnErrorOptionsV2(error=[], warn=[], silence=[])', 'static_parser': 'True', 'no_print': 'None', 'write_json': 'True', 'profiles_dir': '/home/vscode/.dbt', 'introspect': 'True', 'quiet': 'False', 'printer_width': '80', 'version_check': 'True', 'partial_parse': 'True', 'log_cache_events': 'False'}
[0m07:04:01.669869 [info ] [MainThread]: Creating dbt configuration folder at /home/vscode/.dbt
[0m07:04:01.672429 [debug] [MainThread]: Starter project path: /workspaces/dbt-course/.venv/lib/python3.13/site-packages/dbt/include/starter_project
[0m07:04:01.684400 [info ] [MainThread]: 
Your new dbt project "airbnb" was created!

For more information on how to configure the profiles.yml file,
please consult the dbt documentation here:

  https://docs.getdbt.com/docs/configure-your-profile

One more thing:

Need help? Don't hesitate to reach out to us via GitHub issues or on Slack:

  https://community.getdbt.com/

Happy modeling!

[0m07:04:01.696528 [debug] [MainThread]: Resource report: {"command_name": "init", "command_success": true, "command_wall_clock_time": 0.21468826, "process_in_blocks": "672", "process_kernel_time": 0.280899, "process_mem_max_rss": "104820", "process_out_blocks": "744", "process_user_time": 1.922099}
[0m07:04:01.699682 [debug] [MainThread]: Command `dbt init` succeeded at 07:04:01.699496 after 0.22 seconds
[0m07:04:01.703551 [debug] [MainThread]: Sending event: {'category': 'dbt', 'action': 'invocation', 'label': 'end', 'context': [<snowplow_tracker.self_describing_json.SelfDescribingJson object at 0x772058900180>, <snowplow_tracker.self_describing_json.SelfDescribingJson object at 0x7720588ce690>, <snowplow_tracker.self_describing_json.SelfDescribingJson object at 0x772058898380>]}
[0m07:04:01.706797 [debug] [MainThread]: Flushing usage events
[0m07:04:02.595915 [debug] [MainThread]: An error was encountered while trying to flush usage events
